[ 2505433ms] [ERROR] Error: <ellipse> attribute cy: Expected length, "undefined". @ http://localhost:3100/_next/static/chunks/3qf2aays_4mf5.js:0
[ 2505433ms] [ERROR] Error: <ellipse> attribute cx: Expected length, "undefined". @ http://localhost:3100/_next/static/chunks/3qf2aays_4mf5.js:0
[ 2505433ms] [ERROR] Error: <ellipse> attribute cy: Expected length, "undefined". @ http://localhost:3100/_next/static/chunks/3qf2aays_4mf5.js:0
[ 2505433ms] [ERROR] Error: <ellipse> attribute cx: Expected length, "undefined". @ http://localhost:3100/_next/static/chunks/3qf2aays_4mf5.js:0
[ 2505433ms] [ERROR] Error: <ellipse> attribute cy: Expected length, "undefined". @ http://localhost:3100/_next/static/chunks/3qf2aays_4mf5.js:0
[ 2505433ms] [ERROR] Error: <ellipse> attribute cx: Expected length, "undefined". @ http://localhost:3100/_next/static/chunks/3qf2aays_4mf5.js:0
[ 2505433ms] [ERROR] Error: <ellipse> attribute cy: Expected length, "undefined". @ http://localhost:3100/_next/static/chunks/3qf2aays_4mf5.js:0
[ 2505433ms] [ERROR] Error: <ellipse> attribute cx: Expected length, "undefined". @ http://localhost:3100/_next/static/chunks/3qf2aays_4mf5.js:0
[ 2505433ms] [ERROR] Error: <circle> attribute r: Expected length, "undefined". @ http://localhost:3100/_next/static/chunks/3qf2aays_4mf5.js:0
[ 2505433ms] [ERROR] Error: <circle> attribute r: Expected length, "undefined". @ http://localhost:3100/_next/static/chunks/3qf2aays_4mf5.js:0
[ 2505433ms] [ERROR] Error: <circle> attribute r: Expected length, "undefined". @ http://localhost:3100/_next/static/chunks/3qf2aays_4mf5.js:0
[ 2505433ms] [ERROR] Error: <circle> attribute r: Expected length, "undefined". @ http://localhost:3100/_next/static/chunks/3qf2aays_4mf5.js:0
[ 2505434ms] [ERROR] Error: <circle> attribute cy: Expected length, "undefined". @ http://localhost:3100/_next/static/chunks/3qf2aays_4mf5.js:0
[ 2505434ms] [ERROR] Error: <circle> attribute cy: Expected length, "undefined". @ http://localhost:3100/_next/static/chunks/3qf2aays_4mf5.js:0
[ 2505434ms] [ERROR] Error: <circle> attribute cy: Expected length, "undefined". @ http://localhost:3100/_next/static/chunks/3qf2aays_4mf5.js:0
[ 2505434ms] [ERROR] Error: <circle> attribute cy: Expected length, "undefined". @ http://localhost:3100/_next/static/chunks/3qf2aays_4mf5.js:0
[ 2505434ms] [ERROR] Error: <circle> attribute cy: Expected length, "undefined". @ http://localhost:3100/_next/static/chunks/3qf2aays_4mf5.js:0
[ 2505434ms] [ERROR] Error: <circle> attribute cy: Expected length, "undefined". @ http://localhost:3100/_next/static/chunks/3qf2aays_4mf5.js:0
[ 2505434ms] [ERROR] Error: <circle> attribute cy: Expected length, "undefined". @ http://localhost:3100/_next/static/chunks/3qf2aays_4mf5.js:0
[ 2505434ms] [ERROR] Error: <circle> attribute cy: Expected length, "undefined". @ http://localhost:3100/_next/static/chunks/3qf2aays_4mf5.js:0
[ 2505434ms] [ERROR] Error: <circle> attribute cy: Expected length, "undefined". @ http://localhost:3100/_next/static/chunks/3qf2aays_4mf5.js:0
[ 2505434ms] [ERROR] Error: <circle> attribute cy: Expected length, "undefined". @ http://localhost:3100/_next/static/chunks/3qf2aays_4mf5.js:0
[ 2505434ms] [ERROR] Error: <circle> attribute cy: Expected length, "undefined". @ http://localhost:3100/_next/static/chunks/3qf2aays_4mf5.js:0
[ 2505434ms] [ERROR] Error: <circle> attribute cy: Expected length, "undefined". @ http://localhost:3100/_next/static/chunks/3qf2aays_4mf5.js:0
[ 2710365ms] [ERROR] Error: <ellipse> attribute cy: Expected length, "undefined". @ http://localhost:3100/_next/static/chunks/3mdqud7j5dmsp.js:0
[ 2710365ms] [ERROR] Error: <ellipse> attribute cx: Expected length, "undefined". @ http://localhost:3100/_next/static/chunks/3mdqud7j5dmsp.js:0
[ 2710365ms] [ERROR] Error: <ellipse> attribute cy: Expected length, "undefined". @ http://localhost:3100/_next/static/chunks/3mdqud7j5dmsp.js:0
[ 2710365ms] [ERROR] Error: <ellipse> attribute cx: Expected length, "undefined". @ http://localhost:3100/_next/static/chunks/3mdqud7j5dmsp.js:0
[ 2710365ms] [ERROR] Error: <ellipse> attribute cy: Expected length, "undefined". @ http://localhost:3100/_next/static/chunks/3mdqud7j5dmsp.js:0
[ 2710365ms] [ERROR] Error: <ellipse> attribute cx: Expected length, "undefined". @ http://localhost:3100/_next/static/chunks/3mdqud7j5dmsp.js:0
[ 2710366ms] [ERROR] Error: <ellipse> attribute cy: Expected length, "undefined". @ http://localhost:3100/_next/static/chunks/3mdqud7j5dmsp.js:0
[ 2710366ms] [ERROR] Error: <ellipse> attribute cx: Expected length, "undefined". @ http://localhost:3100/_next/static/chunks/3mdqud7j5dmsp.js:0
[ 2710366ms] [ERROR] Error: <circle> attribute r: Expected length, "undefined". @ http://localhost:3100/_next/static/chunks/3mdqud7j5dmsp.js:0
[ 2710366ms] [ERROR] Error: <circle> attribute r: Expected length, "undefined". @ http://localhost:3100/_next/static/chunks/3mdqud7j5dmsp.js:0
[ 2710366ms] [ERROR] Error: <circle> attribute r: Expected length, "undefined". @ http://localhost:3100/_next/static/chunks/3mdqud7j5dmsp.js:0
[ 2710366ms] [ERROR] Error: <circle> attribute r: Expected length, "undefined". @ http://localhost:3100/_next/static/chunks/3mdqud7j5dmsp.js:0
[ 2710366ms] [ERROR] Error: <circle> attribute cy: Expected length, "undefined". @ http://localhost:3100/_next/static/chunks/3mdqud7j5dmsp.js:0
[ 2710366ms] [ERROR] Error: <circle> attribute cy: Expected length, "undefined". @ http://localhost:3100/_next/static/chunks/3mdqud7j5dmsp.js:0
[ 2710366ms] [ERROR] Error: <circle> attribute cy: Expected length, "undefined". @ http://localhost:3100/_next/static/chunks/3mdqud7j5dmsp.js:0
[ 2710366ms] [ERROR] Error: <circle> attribute cy: Expected length, "undefined". @ http://localhost:3100/_next/static/chunks/3mdqud7j5dmsp.js:0
[ 2710366ms] [ERROR] Error: <circle> attribute cy: Expected length, "undefined". @ http://localhost:3100/_next/static/chunks/3mdqud7j5dmsp.js:0
[ 2710366ms] [ERROR] Error: <circle> attribute cy: Expected length, "undefined". @ http://localhost:3100/_next/static/chunks/3mdqud7j5dmsp.js:0
[ 2710366ms] [ERROR] Error: <circle> attribute cy: Expected length, "undefined". @ http://localhost:3100/_next/static/chunks/3mdqud7j5dmsp.js:0
[ 2710366ms] [ERROR] Error: <circle> attribute cy: Expected length, "undefined". @ http://localhost:3100/_next/static/chunks/3mdqud7j5dmsp.js:0
[ 2710366ms] [ERROR] Error: <circle> attribute cy: Expected length, "undefined". @ http://localhost:3100/_next/static/chunks/3mdqud7j5dmsp.js:0
[ 2710366ms] [ERROR] Error: <circle> attribute cy: Expected length, "undefined". @ http://localhost:3100/_next/static/chunks/3mdqud7j5dmsp.js:0
[ 2710366ms] [ERROR] Error: <circle> attribute cy: Expected length, "undefined". @ http://localhost:3100/_next/static/chunks/3mdqud7j5dmsp.js:0
[ 2710366ms] [ERROR] Error: <circle> attribute cy: Expected length, "undefined". @ http://localhost:3100/_next/static/chunks/3mdqud7j5dmsp.js:0
[ 2901795ms] [ERROR] Error: <ellipse> attribute cy: Expected length, "undefined". @ http://localhost:3100/_next/static/chunks/3mdqud7j5dmsp.js:0
[ 2901795ms] [ERROR] Error: <ellipse> attribute cx: Expected length, "undefined". @ http://localhost:3100/_next/static/chunks/3mdqud7j5dmsp.js:0
[ 2901795ms] [ERROR] Error: <ellipse> attribute cy: Expected length, "undefined". @ http://localhost:3100/_next/static/chunks/3mdqud7j5dmsp.js:0
[ 2901795ms] [ERROR] Error: <ellipse> attribute cx: Expected length, "undefined". @ http://localhost:3100/_next/static/chunks/3mdqud7j5dmsp.js:0
[ 2901795ms] [ERROR] Error: <ellipse> attribute cy: Expected length, "undefined". @ http://localhost:3100/_next/static/chunks/3mdqud7j5dmsp.js:0
[ 2901795ms] [ERROR] Error: <ellipse> attribute cx: Expected length, "undefined". @ http://localhost:3100/_next/static/chunks/3mdqud7j5dmsp.js:0
[ 2901795ms] [ERROR] Error: <ellipse> attribute cy: Expected length, "undefined". @ http://localhost:3100/_next/static/chunks/3mdqud7j5dmsp.js:0
[ 2901795ms] [ERROR] Error: <ellipse> attribute cx: Expected length, "undefined". @ http://localhost:3100/_next/static/chunks/3mdqud7j5dmsp.js:0
[ 2901795ms] [ERROR] Error: <circle> attribute r: Expected length, "undefined". @ http://localhost:3100/_next/static/chunks/3mdqud7j5dmsp.js:0
[ 2901795ms] [ERROR] Error: <circle> attribute r: Expected length, "undefined". @ http://localhost:3100/_next/static/chunks/3mdqud7j5dmsp.js:0
[ 2901795ms] [ERROR] Error: <circle> attribute r: Expected length, "undefined". @ http://localhost:3100/_next/static/chunks/3mdqud7j5dmsp.js:0
[ 2901795ms] [ERROR] Error: <circle> attribute r: Expected length, "undefined". @ http://localhost:3100/_next/static/chunks/3mdqud7j5dmsp.js:0
[ 2901795ms] [ERROR] Error: <circle> attribute cy: Expected length, "undefined". @ http://localhost:3100/_next/static/chunks/3mdqud7j5dmsp.js:0
[ 2901795ms] [ERROR] Error: <circle> attribute cy: Expected length, "undefined". @ http://localhost:3100/_next/static/chunks/3mdqud7j5dmsp.js:0
[ 2901795ms] [ERROR] Error: <circle> attribute cy: Expected length, "undefined". @ http://localhost:3100/_next/static/chunks/3mdqud7j5dmsp.js:0
[ 2901795ms] [ERROR] Error: <circle> attribute cy: Expected length, "undefined". @ http://localhost:3100/_next/static/chunks/3mdqud7j5dmsp.js:0
[ 2901795ms] [ERROR] Error: <circle> attribute cy: Expected length, "undefined". @ http://localhost:3100/_next/static/chunks/3mdqud7j5dmsp.js:0
[ 2901795ms] [ERROR] Error: <circle> attribute cy: Expected length, "undefined". @ http://localhost:3100/_next/static/chunks/3mdqud7j5dmsp.js:0
[ 2901795ms] [ERROR] Error: <circle> attribute cy: Expected length, "undefined". @ http://localhost:3100/_next/static/chunks/3mdqud7j5dmsp.js:0
[ 2901795ms] [ERROR] Error: <circle> attribute cy: Expected length, "undefined". @ http://localhost:3100/_next/static/chunks/3mdqud7j5dmsp.js:0
[ 2901795ms] [ERROR] Error: <circle> attribute cy: Expected length, "undefined". @ http://localhost:3100/_next/static/chunks/3mdqud7j5dmsp.js:0
[ 2901795ms] [ERROR] Error: <circle> attribute cy: Expected length, "undefined". @ http://localhost:3100/_next/static/chunks/3mdqud7j5dmsp.js:0
[ 2901795ms] [ERROR] Error: <circle> attribute cy: Expected length, "undefined". @ http://localhost:3100/_next/static/chunks/3mdqud7j5dmsp.js:0
[ 2901795ms] [ERROR] Error: <circle> attribute cy: Expected length, "undefined". @ http://localhost:3100/_next/static/chunks/3mdqud7j5dmsp.js:0
[ 3041296ms] [ERROR] Error: <circle> attribute r: Expected length, "undefined". @ http://localhost:3100/_next/static/chunks/3mdqud7j5dmsp.js:0
[ 3041296ms] [ERROR] Error: <circle> attribute r: Expected length, "undefined". @ http://localhost:3100/_next/static/chunks/3mdqud7j5dmsp.js:0
[ 3041296ms] [ERROR] Error: <circle> attribute r: Expected length, "undefined". @ http://localhost:3100/_next/static/chunks/3mdqud7j5dmsp.js:0
[ 3041296ms] [ERROR] Error: <circle> attribute r: Expected length, "undefined". @ http://localhost:3100/_next/static/chunks/3mdqud7j5dmsp.js:0
[ 3041296ms] [ERROR] Error: <circle> attribute cy: Expected length, "undefined". @ http://localhost:3100/_next/static/chunks/3mdqud7j5dmsp.js:0
[ 3041296ms] [ERROR] Error: <circle> attribute cy: Expected length, "undefined". @ http://localhost:3100/_next/static/chunks/3mdqud7j5dmsp.js:0
[ 3041296ms] [ERROR] Error: <circle> attribute cy: Expected length, "undefined". @ http://localhost:3100/_next/static/chunks/3mdqud7j5dmsp.js:0
[ 3041296ms] [ERROR] Error: <circle> attribute cy: Expected length, "undefined". @ http://localhost:3100/_next/static/chunks/3mdqud7j5dmsp.js:0
[ 3041296ms] [ERROR] Error: <circle> attribute cy: Expected length, "undefined". @ http://localhost:3100/_next/static/chunks/3mdqud7j5dmsp.js:0
[ 3041296ms] [ERROR] Error: <circle> attribute cy: Expected length, "undefined". @ http://localhost:3100/_next/static/chunks/3mdqud7j5dmsp.js:0
[ 3041296ms] [ERROR] Error: <circle> attribute cy: Expected length, "undefined". @ http://localhost:3100/_next/static/chunks/3mdqud7j5dmsp.js:0
[ 3041296ms] [ERROR] Error: <circle> attribute cy: Expected length, "undefined". @ http://localhost:3100/_next/static/chunks/3mdqud7j5dmsp.js:0
[ 3041296ms] [ERROR] Error: <circle> attribute cy: Expected length, "undefined". @ http://localhost:3100/_next/static/chunks/3mdqud7j5dmsp.js:0
[ 3041296ms] [ERROR] Error: <circle> attribute cy: Expected length, "undefined". @ http://localhost:3100/_next/static/chunks/3mdqud7j5dmsp.js:0
[ 3041296ms] [ERROR] Error: <circle> attribute cy: Expected length, "undefined". @ http://localhost:3100/_next/static/chunks/3mdqud7j5dmsp.js:0
[ 3041296ms] [ERROR] Error: <circle> attribute cy: Expected length, "undefined". @ http://localhost:3100/_next/static/chunks/3mdqud7j5dmsp.js:0
